{"numFailedTestSuites":0,"numFailedTests":0,"numPassedTestSuites":1,"numPassedTests":8,"numPendingTestSuites":0,"numPendingTests":0,"numRuntimeErrorTestSuites":0,"numTodoTests":0,"numTotalTestSuites":1,"numTotalTests":8,"openHandles":[],"snapshot":{"added":0,"didUpdate":false,"failure":false,"filesAdded":0,"filesRemoved":0,"filesRemovedList":[],"filesUnmatched":0,"filesUpdated":0,"matched":0,"total":0,"unchecked":0,"uncheckedKeysByFile":[],"unmatched":0,"updated":0},"startTime":1755499996566,"success":true,"testResults":[{"assertionResults":[{"ancestorTitles":["Gerador de Senhas Seguras"],"duration":3,"failing":false,"failureDetails":[],"failureMessages":[],"fullName":"Gerador de Senhas Seguras deve gerar uma senha do tamanho correto","invocations":1,"location":null,"numPassingAsserts":1,"retryReasons":[],"startAt":1755499997728,"status":"passed","title":"deve gerar uma senha do tamanho correto"},{"ancestorTitles":["Gerador de Senhas Seguras"],"duration":1,"failing":false,"failureDetails":[],"failureMessages":[],"fullName":"Gerador de Senhas Seguras deve incluir letras maiúsculas quando solicitado","invocations":1,"location":null,"numPassingAsserts":1,"retryReasons":[],"startAt":1755499997733,"status":"passed","title":"deve incluir letras maiúsculas quando solicitado"},{"ancestorTitles":["Gerador de Senhas Seguras"],"duration":1,"failing":false,"failureDetails":[],"failureMessages":[],"fullName":"Gerador de Senhas Seguras deve incluir letras minúsculas quando solicitado","invocations":1,"location":null,"numPassingAsserts":1,"retryReasons":[],"startAt":1755499997735,"status":"passed","title":"deve incluir letras minúsculas quando solicitado"},{"ancestorTitles":["Gerador de Senhas Seguras"],"duration":1,"failing":false,"failureDetails":[],"failureMessages":[],"fullName":"Gerador de Senhas Seguras deve incluir números quando solicitado","invocations":1,"location":null,"numPassingAsserts":1,"retryReasons":[],"startAt":1755499997737,"status":"passed","title":"deve incluir números quando solicitado"},{"ancestorTitles":["Gerador de Senhas Seguras"],"duration":1,"failing":false,"failureDetails":[],"failureMessages":[],"fullName":"Gerador de Senhas Seguras deve incluir símbolos quando solicitado","invocations":1,"location":null,"numPassingAsserts":1,"retryReasons":[],"startAt":1755499997739,"status":"passed","title":"deve incluir símbolos quando solicitado"},{"ancestorTitles":["Gerador de Senhas Seguras"],"duration":1,"failing":false,"failureDetails":[],"failureMessages":[],"fullName":"Gerador de Senhas Seguras não deve incluir caracteres não solicitados","invocations":1,"location":null,"numPassingAsserts":2,"retryReasons":[],"startAt":1755499997741,"status":"passed","title":"não deve incluir caracteres não solicitados"},{"ancestorTitles":["Gerador de Senhas Seguras"],"duration":1,"failing":false,"failureDetails":[],"failureMessages":[],"fullName":"Gerador de Senhas Seguras deve retornar uma string vazia se nenhuma opção for selecionada","invocations":1,"location":null,"numPassingAsserts":1,"retryReasons":[],"startAt":1755499997743,"status":"passed","title":"deve retornar uma string vazia se nenhuma opção for selecionada"},{"ancestorTitles":["Gerador de Senhas Seguras"],"duration":8,"failing":false,"failureDetails":[],"failureMessages":[],"fullName":"Gerador de Senhas Seguras deve gerar senhas diferentes a cada chamada","invocations":1,"location":null,"numPassingAsserts":1,"retryReasons":[],"startAt":1755499997745,"status":"passed","title":"deve gerar senhas diferentes a cada chamada"}],"endTime":1755499997756,"message":"","name":"C:\\Users\\11643\\Downloads\\Desconsiderar - por enquanto\\projetinhos\\gerador-senhas-seguras\\tests\\passwordGenerator.test.js","startTime":1755499996791,"status":"passed","summary":""}],"wasInterrupted":false}
